This is pdfTeX, Version 3.14159265-2.6-1.40.20 (MiKTeX 2.9.7000 64-bit) (preloaded format=pdflatex 2019.3.31)  16 MAY 2019 07:09
entering extended mode
**./dolgozat.tex
(dolgozat.tex
LaTeX2e <2018-12-01>
("C:\Users\lord-\AppData\Local\Programs\MiKTeX 2.9\tex/latex/base\report.cls"
Document Class: report 2018/09/03 v1.4i Standard LaTeX document class
("C:\Users\lord-\AppData\Local\Programs\MiKTeX 2.9\tex/latex/base\size12.clo"
File: size12.clo 2018/09/03 v1.4i Standard LaTeX file (size option)
)
\c@part=\count80
\c@chapter=\count81
\c@section=\count82
\c@subsection=\count83
\c@subsubsection=\count84
\c@paragraph=\count85
\c@subparagraph=\count86
\c@figure=\count87
\c@table=\count88
\abovecaptionskip=\skip41
\belowcaptionskip=\skip42
\bibindent=\dimen102
) (dolgozat.sty
("C:\Users\lord-\AppData\Local\Programs\MiKTeX 2.9\tex/latex/geometry\geometry.
sty"
Package: geometry 2018/04/16 v5.8 Page Geometry

("C:\Users\lord-\AppData\Local\Programs\MiKTeX 2.9\tex/latex/graphics\keyval.st
y"
Package: keyval 2014/10/28 v1.15 key=value parser (DPC)
\KV@toks@=\toks14
)
("C:\Users\lord-\AppData\Local\Programs\MiKTeX 2.9\tex/generic/oberdiek\ifpdf.s
ty"
Package: ifpdf 2018/09/07 v3.3 Provides the ifpdf switch
)
("C:\Users\lord-\AppData\Local\Programs\MiKTeX 2.9\tex/generic/oberdiek\ifvtex.
sty"
Package: ifvtex 2016/05/16 v1.6 Detect VTeX and its facilities (HO)
Package ifvtex Info: VTeX not detected.
)
("C:\Users\lord-\AppData\Local\Programs\MiKTeX 2.9\tex/generic/ifxetex\ifxetex.
sty"
Package: ifxetex 2010/09/12 v0.6 Provides ifxetex conditional
)
\Gm@cnth=\count89
\Gm@cntv=\count90
\c@Gm@tempcnt=\count91
\Gm@bindingoffset=\dimen103
\Gm@wd@mp=\dimen104
\Gm@odd@mp=\dimen105
\Gm@even@mp=\dimen106
\Gm@layoutwidth=\dimen107
\Gm@layoutheight=\dimen108
\Gm@layouthoffset=\dimen109
\Gm@layoutvoffset=\dimen110
\Gm@dimlist=\toks15

("C:\Users\lord-\AppData\Local\Programs\MiKTeX 2.9\tex/latex/geometry\geometry.
cfg"))
("C:\Users\lord-\AppData\Local\Programs\MiKTeX 2.9\tex/latex/fancyhdr\fancyhdr.
sty"
Package: fancyhdr 2019/01/31 v3.10 Extensive control of page headers and footer
s
\f@nch@headwidth=\skip43
\f@nch@O@elh=\skip44
\f@nch@O@erh=\skip45
\f@nch@O@olh=\skip46
\f@nch@O@orh=\skip47
\f@nch@O@elf=\skip48
\f@nch@O@erf=\skip49
\f@nch@O@olf=\skip50
\f@nch@O@orf=\skip51
)
("C:\Users\lord-\AppData\Local\Programs\MiKTeX 2.9\tex/latex/amsmath\amsmath.st
y"
Package: amsmath 2018/12/01 v2.17b AMS math features
\@mathmargin=\skip52

For additional information on amsmath, use the `?' option.

("C:\Users\lord-\AppData\Local\Programs\MiKTeX 2.9\tex/latex/amsmath\amstext.st
y"
Package: amstext 2000/06/29 v2.01 AMS text

("C:\Users\lord-\AppData\Local\Programs\MiKTeX 2.9\tex/latex/amsmath\amsgen.sty
"
File: amsgen.sty 1999/11/30 v2.0 generic functions
\@emptytoks=\toks16
\ex@=\dimen111
))
("C:\Users\lord-\AppData\Local\Programs\MiKTeX 2.9\tex/latex/amsmath\amsbsy.sty
"
Package: amsbsy 1999/11/29 v1.2d Bold Symbols
\pmbraise@=\dimen112
)
("C:\Users\lord-\AppData\Local\Programs\MiKTeX 2.9\tex/latex/amsmath\amsopn.sty
"
Package: amsopn 2016/03/08 v2.02 operator names
)
\inf@bad=\count92
LaTeX Info: Redefining \frac on input line 223.
\uproot@=\count93
\leftroot@=\count94
LaTeX Info: Redefining \overline on input line 385.
\classnum@=\count95
\DOTSCASE@=\count96
LaTeX Info: Redefining \ldots on input line 482.
LaTeX Info: Redefining \dots on input line 485.
LaTeX Info: Redefining \cdots on input line 606.
\Mathstrutbox@=\box27
\strutbox@=\box28
\big@size=\dimen113
LaTeX Font Info:    Redeclaring font encoding OML on input line 729.
LaTeX Font Info:    Redeclaring font encoding OMS on input line 730.
\macc@depth=\count97
\c@MaxMatrixCols=\count98
\dotsspace@=\muskip10
\c@parentequation=\count99
\dspbrk@lvl=\count100
\tag@help=\toks17
\row@=\count101
\column@=\count102
\maxfields@=\count103
\andhelp@=\toks18
\eqnshift@=\dimen114
\alignsep@=\dimen115
\tagshift@=\dimen116
\tagwidth@=\dimen117
\totwidth@=\dimen118
\lineht@=\dimen119
\@envbody=\toks19
\multlinegap=\skip53
\multlinetaggap=\skip54
\mathdisplay@stack=\toks20
LaTeX Info: Redefining \[ on input line 2844.
LaTeX Info: Redefining \] on input line 2845.
)
("C:\Users\lord-\AppData\Local\Programs\MiKTeX 2.9\tex/latex/amsfonts\amssymb.s
ty"
Package: amssymb 2013/01/14 v3.01 AMS font symbols

("C:\Users\lord-\AppData\Local\Programs\MiKTeX 2.9\tex/latex/amsfonts\amsfonts.
sty"
Package: amsfonts 2013/01/14 v3.01 Basic AMSFonts support
\symAMSa=\mathgroup4
\symAMSb=\mathgroup5
LaTeX Font Info:    Overwriting math alphabet `\mathfrak' in version `bold'
(Font)                  U/euf/m/n --> U/euf/b/n on input line 106.
))
("C:\Users\lord-\AppData\Local\Programs\MiKTeX 2.9\tex/latex/graphics\color.sty
"
Package: color 2016/07/10 v1.1e Standard LaTeX Color (DPC)

("C:\Users\lord-\AppData\Local\Programs\MiKTeX 2.9\tex/latex/graphics-cfg\color
.cfg"
File: color.cfg 2016/01/02 v1.6 sample color configuration
)
Package color Info: Driver file: pdftex.def on input line 147.

("C:\Users\lord-\AppData\Local\Programs\MiKTeX 2.9\tex/latex/graphics-def\pdfte
x.def"
File: pdftex.def 2018/01/08 v1.0l Graphics/color driver for pdftex
))
("C:\Users\lord-\AppData\Local\Programs\MiKTeX 2.9\tex/latex/graphics\epsfig.st
y"
Package: epsfig 2017/06/25 v1.7b (e)psfig emulation (SPQR)

("C:\Users\lord-\AppData\Local\Programs\MiKTeX 2.9\tex/latex/graphics\graphicx.
sty"
Package: graphicx 2017/06/01 v1.1a Enhanced LaTeX Graphics (DPC,SPQR)

("C:\Users\lord-\AppData\Local\Programs\MiKTeX 2.9\tex/latex/graphics\graphics.
sty"
Package: graphics 2017/06/25 v1.2c Standard LaTeX Graphics (DPC,SPQR)

("C:\Users\lord-\AppData\Local\Programs\MiKTeX 2.9\tex/latex/graphics\trig.sty"
Package: trig 2016/01/03 v1.10 sin cos tan (DPC)
)
("C:\Users\lord-\AppData\Local\Programs\MiKTeX 2.9\tex/latex/graphics-cfg\graph
ics.cfg"
File: graphics.cfg 2016/06/04 v1.11 sample graphics configuration
)
Package graphics Info: Driver file: pdftex.def on input line 99.
)
\Gin@req@height=\dimen120
\Gin@req@width=\dimen121
)
\epsfxsize=\dimen122
\epsfysize=\dimen123
)
("C:\Users\lord-\AppData\Local\Programs\MiKTeX 2.9\tex/latex/base\ifthen.sty"
Package: ifthen 2014/09/29 v1.1c Standard LaTeX ifthen package (DPC)
)
("C:\Users\lord-\AppData\Local\Programs\MiKTeX 2.9\tex/latex/tools\array.sty"
Package: array 2018/12/30 v2.4k Tabular extension package (FMi)
\col@sep=\dimen124
\ar@mcellbox=\box29
\extrarowheight=\dimen125
\NC@list=\toks21
\extratabsurround=\skip55
\backup@length=\skip56
\ar@cellbox=\box30
)
("C:\Users\lord-\AppData\Local\Programs\MiKTeX 2.9\tex/latex/ntheorem\ntheorem.
sty"
Style `ntheorem', Version 1.33 <2011/08/15>
Package: ntheorem 2011/08/15 1.33
\theorem@style=\toks22
\theorem@@style=\toks23
\theorembodyfont=\toks24
\theoremnumbering=\toks25
\theorempreskipamount=\skip57
\theorempostskipamount=\skip58
\theoremframepreskipamount=\skip59
\theoremframepostskipamount=\skip60
\theoreminframepreskipamount=\skip61
\theoreminframepostskipamount=\skip62
\theorem@preskip=\toks26
\theorem@postskip=\toks27
\theorem@framepreskip=\toks28
\theorem@framepostskip=\toks29
\theorem@inframepreskip=\toks30
\theorem@inframepostskip=\toks31
\theoremindent=\dimen126
\theorem@indent=\dimen127
\theoremrightindent=\dimen128
\theorem@rightindent=\dimen129
\theoremheaderfont=\toks32
\theoremseparator=\toks33
\theoremprework=\toks34
\theorempostwork=\toks35
\theoremsymbol=\toks36
\qedsymbol=\toks37
\theoremkeyword=\toks38
\qedsymbol=\toks39
\thm@topsep=\skip63
\thm@topsepadd=\skip64
)
("C:\Users\lord-\AppData\Local\Programs\MiKTeX 2.9\tex/latex/multirow\multirow.
sty"
Package: multirow 2019/01/01 v2.4 Span multiple rows of a table
\multirow@colwidth=\skip65
\multirow@cntb=\count104
\multirow@dima=\skip66
\bigstrutjot=\dimen130
)
("C:\Users\lord-\AppData\Local\Programs\MiKTeX 2.9\tex/latex/colortbl\colortbl.
sty"
Package: colortbl 2018/12/12 v1.0d Color table columns (DPC)
\everycr=\toks40
\minrowclearance=\skip67
)
("C:\Users\lord-\AppData\Local\Programs\MiKTeX 2.9\tex/generic/mfpic\mfpic.sty"
Package: mfpic 2012/12/03 v1.10. Macros for drawing with Metafont/MetaPost.
("C:\Users\lord-\AppData\Local\Programs\MiKTeX 2.9\tex/generic/mfpic\mfpic.tex"
\mfp@out=\write3
\mfp@graph=\read1
\mfp@count=\count105
\mfp@linetype=\count106
\mfp@sequence=\count107
\mfp@toks=\toks41
\mfp@verbtex=\toks42
\mfp@fdc=\count108
\@wholegraph=\box31
\@textbox=\box32
\@alltlabels=\box33
\@backtext=\box34
\@tlabelstop=\fontdimen 23\mfp@dummy 
\@tlabelsbot=\fontdimen 24\mfp@dummy 
\@tlabelsleft=\fontdimen 25\mfp@dummy 
\@graphright=\fontdimen 26\mfp@dummy 
\@graphleft=\fontdimen 27\mfp@dummy 
\@graphtop=\fontdimen 28\mfp@dummy 
\@graphbot=\fontdimen 29\mfp@dummy 
\tb@raise=\fontdimen 30\mfp@dummy 
\tb@moveright=\fontdimen 31\mfp@dummy 
\tb@totalht=\fontdimen 32\mfp@dummy 
\tlabel@hadj=\fontdimen 33\mfp@dummy 
\tlabel@vadj=\fontdimen 34\mfp@dummy 
\tlabel@sep=\fontdimen 35\mfp@dummy 
\tlpath@sep=\fontdimen 36\mfp@dummy 
\mfpicunit=\fontdimen 37\mfp@dummy 
\@mfpicunit=\fontdimen 38\mfp@dummy 
\pointsize=\fontdimen 39\mfp@dummy 
\shadespace=\fontdimen 40\mfp@dummy 
\polkadotspace=\fontdimen 41\mfp@dummy 
\hatchspace=\fontdimen 42\mfp@dummy 
\headlen=\fontdimen 43\mfp@dummy 
\axisheadlen=\fontdimen 44\mfp@dummy 
\sideheadlen=\fontdimen 45\mfp@dummy 
\hashlen=\fontdimen 46\mfp@dummy 
\dashlen=\fontdimen 47\mfp@dummy 
\dashspace=\fontdimen 48\mfp@dummy 
\dotsize=\fontdimen 49\mfp@dummy 
\griddotsize=\fontdimen 50\mfp@dummy 
\dotspace=\fontdimen 51\mfp@dummy 
\symbolspace=\fontdimen 52\mfp@dummy 
\mfp@scratch=\dimen131
\mfpframesep=\dimen132
\mfpframethickness=\dimen133
\mfpicheight=\dimen134
\mfpicwidth=\dimen135
\mfpiccaptionskip=\skip68
\tl@vpos=\count109
\tl@hpos=\count110
\mfp@commentchar=\count111
))
("C:\Users\lord-\AppData\Local\Programs\MiKTeX 2.9\tex/latex/base\inputenc.sty"
Package: inputenc 2018/08/11 v1.3c Input encoding file
\inpenc@prehook=\toks43
\inpenc@posthook=\toks44
) ("C:\Users\lord-\AppData\Local\Programs\MiKTeX 2.9\tex/latex/base\fontenc.sty
"
Package: fontenc 2018/08/11 v2.0j Standard LaTeX package
 ("C:\Users\lord-\AppData\Local\Programs\MiKTeX 2.9\tex/latex/base\t1enc.def"
File: t1enc.def 2018/08/11 v2.0j Standard LaTeX file
LaTeX Font Info:    Redeclaring font encoding T1 on input line 48.
)) ("C:\Users\lord-\AppData\Local\Programs\MiKTeX 2.9\tex/generic/babel\babel.s
ty"
Package: babel 2018/11/13 3.27 The Babel package

("C:\Users\lord-\AppData\Local\Programs\MiKTeX 2.9\tex/generic/babel\switch.def
"
File: switch.def 2018/11/13 3.27 Babel switching mechanism
)
*************************************
* Local config file bblopts.cfg used
*
("C:\Users\lord-\AppData\Local\Programs\MiKTeX 2.9\tex/latex/arabi\bblopts.cfg"
File: bblopts.cfg 2005/09/08 v0.1 add Arabic and Farsi to "declared" options of
 babel
) (magyar.ldf
Language: magyar 2007/10/19 v1.5 Magyar support from the babel v3.7 system

("C:\Users\lord-\AppData\Local\Programs\MiKTeX 2.9\tex/generic/babel\babel.def"
File: babel.def 2018/11/13 3.27 Babel common definitions
\babel@savecnt=\count112
\U@D=\dimen136

("C:\Users\lord-\AppData\Local\Programs\MiKTeX 2.9\tex/generic/babel\txtbabel.d
ef")
\bbl@dirlevel=\count113
)
Package babel Info: Making ` an active character on input line 2636.
\c@footnote@add=\count114
\c@footnote@ch=\count115
))
\c@theorem=\count116
\c@prooF=\count117
)
("C:\Users\lord-\AppData\Local\Programs\MiKTeX 2.9\tex/latex/hyperref\hyperref.
sty"
Package: hyperref 2018/11/30 v6.88e Hypertext links for LaTeX

("C:\Users\lord-\AppData\Local\Programs\MiKTeX 2.9\tex/generic/oberdiek\hobsub-
hyperref.sty"
Package: hobsub-hyperref 2016/05/16 v1.14 Bundle oberdiek, subset hyperref (HO)


("C:\Users\lord-\AppData\Local\Programs\MiKTeX 2.9\tex/generic/oberdiek\hobsub-
generic.sty"
Package: hobsub-generic 2016/05/16 v1.14 Bundle oberdiek, subset generic (HO)
Package: hobsub 2016/05/16 v1.14 Construct package bundles (HO)
Package: infwarerr 2016/05/16 v1.4 Providing info/warning/error messages (HO)
Package: ltxcmds 2016/05/16 v1.23 LaTeX kernel commands for general use (HO)
Package: ifluatex 2016/05/16 v1.4 Provides the ifluatex switch (HO)
Package ifluatex Info: LuaTeX not detected.
Package hobsub Info: Skipping package `ifvtex' (already loaded).
Package: intcalc 2016/05/16 v1.2 Expandable calculations with integers (HO)
Package hobsub Info: Skipping package `ifpdf' (already loaded).
Package: etexcmds 2016/05/16 v1.6 Avoid name clashes with e-TeX commands (HO)
Package: kvsetkeys 2016/05/16 v1.17 Key value parser (HO)
Package: kvdefinekeys 2016/05/16 v1.4 Define keys (HO)
Package: pdftexcmds 2018/09/10 v0.29 Utility functions of pdfTeX for LuaTeX (HO
)
Package pdftexcmds Info: LuaTeX not detected.
Package pdftexcmds Info: \pdf@primitive is available.
Package pdftexcmds Info: \pdf@ifprimitive is available.
Package pdftexcmds Info: \pdfdraftmode found.
Package: pdfescape 2016/05/16 v1.14 Implements pdfTeX's escape features (HO)
Package: bigintcalc 2016/05/16 v1.4 Expandable calculations on big integers (HO
)
Package: bitset 2016/05/16 v1.2 Handle bit-vector datatype (HO)
Package: uniquecounter 2016/05/16 v1.3 Provide unlimited unique counter (HO)
)
Package hobsub Info: Skipping package `hobsub' (already loaded).
Package: letltxmacro 2016/05/16 v1.5 Let assignment for LaTeX macros (HO)
Package: hopatch 2016/05/16 v1.3 Wrapper for package hooks (HO)
Package: xcolor-patch 2016/05/16 xcolor patch
Package: atveryend 2016/05/16 v1.9 Hooks at the very end of document (HO)
Package atveryend Info: \enddocument detected (standard20110627).
Package: atbegshi 2016/06/09 v1.18 At begin shipout hook (HO)
Package: refcount 2016/05/16 v3.5 Data extraction from label references (HO)
Package: hycolor 2016/05/16 v1.8 Color options for hyperref/bookmark (HO)
)
("C:\Users\lord-\AppData\Local\Programs\MiKTeX 2.9\tex/latex/oberdiek\auxhook.s
ty"
Package: auxhook 2016/05/16 v1.4 Hooks for auxiliary files (HO)
)
("C:\Users\lord-\AppData\Local\Programs\MiKTeX 2.9\tex/latex/oberdiek\kvoptions
.sty"
Package: kvoptions 2016/05/16 v3.12 Key value format for package options (HO)
)
\@linkdim=\dimen137
\Hy@linkcounter=\count118
\Hy@pagecounter=\count119

("C:\Users\lord-\AppData\Local\Programs\MiKTeX 2.9\tex/latex/hyperref\pd1enc.de
f"
File: pd1enc.def 2018/11/30 v6.88e Hyperref: PDFDocEncoding definition (HO)
Now handling font encoding PD1 ...
... no UTF-8 mapping file for font encoding PD1
)
\Hy@SavedSpaceFactor=\count120

("C:\Users\lord-\AppData\Local\Programs\MiKTeX 2.9\tex/latex/00miktex\hyperref.
cfg"
File: hyperref.cfg 2002/06/06 v1.2 hyperref configuration of TeXLive
)
Package hyperref Info: Hyper figures OFF on input line 4519.
Package hyperref Info: Link nesting OFF on input line 4524.
Package hyperref Info: Hyper index ON on input line 4527.
Package hyperref Info: Plain pages OFF on input line 4534.
Package hyperref Info: Backreferencing OFF on input line 4539.
Package hyperref Info: Implicit mode ON; LaTeX internals redefined.
Package hyperref Info: Bookmarks ON on input line 4772.
\c@Hy@tempcnt=\count121
 ("C:\Users\lord-\AppData\Local\Programs\MiKTeX 2.9\tex/latex/url\url.sty"
\Urlmuskip=\muskip11
Package: url 2013/09/16  ver 3.4  Verb mode for urls, etc.
)
LaTeX Info: Redefining \url on input line 5125.
\XeTeXLinkMargin=\dimen138
\Fld@menulength=\count122
\Field@Width=\dimen139
\Fld@charsize=\dimen140
Package hyperref Info: Hyper figures OFF on input line 6380.
Package hyperref Info: Link nesting OFF on input line 6385.
Package hyperref Info: Hyper index ON on input line 6388.
Package hyperref Info: backreferencing OFF on input line 6395.
Package hyperref Info: Link coloring OFF on input line 6400.
Package hyperref Info: Link coloring with OCG OFF on input line 6405.
Package hyperref Info: PDF/A mode OFF on input line 6410.
LaTeX Info: Redefining \ref on input line 6450.
LaTeX Info: Redefining \pageref on input line 6454.
\Hy@abspage=\count123
\c@Item=\count124
\c@Hfootnote=\count125
)
Package hyperref Info: Driver (autodetected): hpdftex.

("C:\Users\lord-\AppData\Local\Programs\MiKTeX 2.9\tex/latex/hyperref\hpdftex.d
ef"
File: hpdftex.def 2018/11/30 v6.88e Hyperref driver for pdfTeX
\Fld@listcount=\count126
\c@bookmark@seq@number=\count127

("C:\Users\lord-\AppData\Local\Programs\MiKTeX 2.9\tex/latex/oberdiek\rerunfile
check.sty"
Package: rerunfilecheck 2016/05/16 v1.8 Rerun checks for auxiliary files (HO)
Package uniquecounter Info: New unique counter `rerunfilecheck' on input line 2
82.
)
\Hy@SectionHShift=\skip69
)
("C:\Users\lord-\AppData\Local\Programs\MiKTeX 2.9\tex/latex/listings\listings.
sty"
\lst@mode=\count128
\lst@gtempboxa=\box35
\lst@token=\toks45
\lst@length=\count129
\lst@currlwidth=\dimen141
\lst@column=\count130
\lst@pos=\count131
\lst@lostspace=\dimen142
\lst@width=\dimen143
\lst@newlines=\count132
\lst@lineno=\count133
\lst@maxwidth=\dimen144

("C:\Users\lord-\AppData\Local\Programs\MiKTeX 2.9\tex/latex/listings\lstmisc.s
ty"
File: lstmisc.sty 2019/02/27 1.8b (Carsten Heinz)
\c@lstnumber=\count134
\lst@skipnumbers=\count135
\lst@framebox=\box36
)
("C:\Users\lord-\AppData\Local\Programs\MiKTeX 2.9\tex/latex/listings\listings.
cfg"
File: listings.cfg 2019/02/27 1.8b listings configuration
))
Package: listings 2019/02/27 1.8b (Carsten Heinz)
 (cpp.sty
LaTeX Font Info:    Try loading font information for T1+txtt on input line 2.

("C:\Users\lord-\AppData\Local\Programs\MiKTeX 2.9\tex/latex/txfonts\t1txtt.fd"
File: t1txtt.fd 2000/12/15 v3.1
))
("C:\Users\lord-\AppData\Local\Programs\MiKTeX 2.9\tex/latex/enumitem\enumitem.
sty"
Package: enumitem 2019/02/04 v3.8 Customized lists
\labelindent=\skip70
\enit@outerparindent=\dimen145
\enit@toks=\toks46
\enit@inbox=\box37
\enit@count@id=\count136
\enitdp@description=\count137
)
("C:\Users\lord-\AppData\Local\Programs\MiKTeX 2.9\tex/latex/float\float.sty"
Package: float 2001/11/08 v1.3d Float enhancements (AL)
\c@float@type=\count138
\float@exts=\toks47
\float@box=\box38
\@float@everytoks=\toks48
\@floatcapt=\box39
)
(dolgozat.aux (cimlap/cimlap.aux) (feladatkiiras/feladatkiiras.aux)
(fejezetek/1_bevezetes.aux) (fejezetek/2_kozlekedes.aux)
(fejezetek/3_modellek.aux) (fejezetek/4_generalas.aux)
(fejezetek/5_tervezes.aux) (fejezetek/6_szimulacio.aux)
(fejezetek/7_osszegzes.aux) (irodalomjegyzek/irodalom.aux)
(hasznalat/hasznalat.aux))
\openout1 = `dolgozat.aux'.

LaTeX Font Info:    Checking defaults for OML/cmm/m/it on input line 17.
LaTeX Font Info:    ... okay on input line 17.
LaTeX Font Info:    Checking defaults for T1/cmr/m/n on input line 17.
LaTeX Font Info:    ... okay on input line 17.
LaTeX Font Info:    Checking defaults for OT1/cmr/m/n on input line 17.
LaTeX Font Info:    ... okay on input line 17.
LaTeX Font Info:    Checking defaults for OMS/cmsy/m/n on input line 17.
LaTeX Font Info:    ... okay on input line 17.
LaTeX Font Info:    Checking defaults for OMX/cmex/m/n on input line 17.
LaTeX Font Info:    ... okay on input line 17.
LaTeX Font Info:    Checking defaults for U/cmr/m/n on input line 17.
LaTeX Font Info:    ... okay on input line 17.
LaTeX Font Info:    Checking defaults for PD1/pdf/m/n on input line 17.
LaTeX Font Info:    ... okay on input line 17.

*geometry* detected driver: dvips
*geometry* verbose mode - [ preamble ] result:
* driver: dvips
* paper: custom
* layout: <same size as paper>
* layoutoffset:(h,v)=(0.0pt,0.0pt)
* modes: 
* h-part:(L,W,R)=(85.35826pt, 441.01773pt, 71.13188pt)
* v-part:(T,H,B)=(71.13188pt, 702.78308pt, 71.13188pt)
* \paperwidth=597.50787pt
* \paperheight=845.04684pt
* \textwidth=441.01773pt
* \textheight=702.78308pt
* \oddsidemargin=13.08827pt
* \evensidemargin=13.08827pt
* \topmargin=-36.53957pt
* \headheight=15.2pt
* \headsep=20.20146pt
* \topskip=12.0pt
* \footskip=30.0pt
* \marginparwidth=35.0pt
* \marginparsep=10.0pt
* \columnsep=10.0pt
* \skip\footins=10.8pt plus 4.0pt minus 2.0pt
* \hoffset=0.0pt
* \voffset=0.0pt
* \mag=1000
* \@twocolumnfalse
* \@twosidefalse
* \@mparswitchfalse
* \@reversemarginfalse
* (1in=72.27pt=25.4mm, 1cm=28.453pt)


("C:\Users\lord-\AppData\Local\Programs\MiKTeX 2.9\tex/context/base/mkii\supp-p
df.mkii"
[Loading MPS to PDF converter (version 2006.09.02).]
\scratchcounter=\count139
\scratchdimen=\dimen146
\scratchbox=\box40
\nofMPsegments=\count140
\nofMParguments=\count141
\everyMPshowfont=\toks49
\MPscratchCnt=\count142
\MPscratchDim=\dimen147
\MPnumerator=\count143
\makeMPintoPDFobject=\count144
\everyMPtoPDFconversion=\toks50
)
("C:\Users\lord-\AppData\Local\Programs\MiKTeX 2.9\tex/latex/oberdiek\epstopdf-
base.sty"
Package: epstopdf-base 2016/05/15 v2.6 Base part for package epstopdf

("C:\Users\lord-\AppData\Local\Programs\MiKTeX 2.9\tex/latex/oberdiek\grfext.st
y"
Package: grfext 2016/05/16 v1.2 Manage graphics extensions (HO)
)
Package epstopdf-base Info: Redefining graphics rule for `.eps' on input line 4
38.
Package grfext Info: Graphics extension search list:
(grfext)             [.pdf,.png,.jpg,.mps,.jpeg,.jbig2,.jb2,.PDF,.PNG,.JPG,.JPE
G,.JBIG2,.JB2,.eps]
(grfext)             \AppendGraphicsExtensions on input line 456.
)

LaTeX Warning: Please use \usepackage[latin2]{inputenc} with
               \usepackage[magyar]{babel}.

\AtBeginShipoutBox=\box41
Package hyperref Info: Link coloring OFF on input line 17.

("C:\Users\lord-\AppData\Local\Programs\MiKTeX 2.9\tex/latex/hyperref\nameref.s
ty"
Package: nameref 2016/05/21 v2.44 Cross-referencing by name of section

("C:\Users\lord-\AppData\Local\Programs\MiKTeX 2.9\tex/generic/oberdiek\gettitl
estring.sty"
Package: gettitlestring 2016/05/16 v1.5 Cleanup title references (HO)
)
\c@section@level=\count145
)
LaTeX Info: Redefining \ref on input line 17.
LaTeX Info: Redefining \pageref on input line 17.
LaTeX Info: Redefining \nameref on input line 17.
 (dolgozat.out) (dolgozat.out)
\@outlinefile=\write4
\openout4 = `dolgozat.out'.

\c@lstlisting=\count146

("C:\Users\lord-\AppData\Local\Programs\MiKTeX 2.9\tex/latex/base\report.cls"
LaTeX Info: Redefining \cal on input line 576.
LaTeX Info: Redefining \mit on input line 577.
)
\openout2 = `cimlap/cimlap.aux'.


(cimlap/cimlap.tex
Package epstopdf Info: Source file: <cimlap/ME_logo.eps>
(epstopdf)                    date: 2019-05-12 03:24:10
(epstopdf)                    size: 501101 bytes
(epstopdf)             Output file: <cimlap/ME_logo-eps-converted-to.pdf>
(epstopdf)                    date: 2019-05-12 03:24:10
(epstopdf)                    size: 258383 bytes
(epstopdf)             Command: <epstopdf --outfile=cimlap/ME_logo-eps-converte
d-to.pdf cimlap/ME_logo.eps>
(epstopdf)             \includegraphics on input line 18.
Package epstopdf Info: Output file is already uptodate.


pdfTeX warning: pdflatex.exe (file ./cimlap/ME_logo-eps-converted-to.pdf): PDF 
inclusion: found PDF version <1.7>, but at most version <1.5> allowed
<cimlap/ME_logo-eps-converted-to.pdf, id=211, 1324.95pt x 1266.7325pt>
File: cimlap/ME_logo-eps-converted-to.pdf Graphic file (type pdf)
<use cimlap/ME_logo-eps-converted-to.pdf>
Package pdftex.def Info: cimlap/ME_logo-eps-converted-to.pdf  used on input lin
e 18.
(pdftex.def)             Requested size: 136.56639pt x 113.80771pt.
LaTeX Font Info:    Try loading font information for U+msa on input line 34.
("C:\Users\lord-\AppData\Local\Programs\MiKTeX 2.9\tex/latex/amsfonts\umsa.fd"
File: umsa.fd 2013/01/14 v3.01 AMS symbols A
)
LaTeX Font Info:    Try loading font information for U+msb on input line 34.
("C:\Users\lord-\AppData\Local\Programs\MiKTeX 2.9\tex/latex/amsfonts\umsb.fd"
File: umsb.fd 2013/01/14 v3.01 AMS symbols B
) [1
Non-PDF special ignored!
<special> papersize=597.50787pt,845.04684pt



{C:/Users/lord-/AppData/Local/MiKTeX/2.9/pdftex/config/pdftex.map} <./cimlap/ME
_logo-eps-converted-to.pdf>])
\openout2 = `feladatkiiras/feladatkiiras.aux'.

 (feladatkiiras/feladatkiiras.tex
Underfull \hbox (badness 10000) in paragraph at lines 14--15

 []


Underfull \hbox (badness 10000) in paragraph at lines 16--17

 []


Underfull \hbox (badness 10000) in paragraph at lines 38--39

 []


Underfull \hbox (badness 10000) in paragraph at lines 40--43

 []


Underfull \hbox (badness 10000) detected at line 50
\T1/cmr/m/n/12 szakfelelıs
 []

[2


]
LaTeX Font Info:    Try loading font information for T1+cmtt on input line 60.
 ("C:\Users\lord-\AppData\Local\Programs\MiKTeX 2.9\tex/latex/base\t1cmtt.fd"
File: t1cmtt.fd 2014/09/29 v2.5h Standard LaTeX font definitions
)
Underfull \hbox (badness 10000) in paragraph at lines 60--64

 []

LaTeX Font Info:    Try loading font information for OMS+cmr on input line 67.
("C:\Users\lord-\AppData\Local\Programs\MiKTeX 2.9\tex/latex/base\omscmr.fd"
File: omscmr.fd 2014/09/29 v2.5h Standard LaTeX font definitions
)
LaTeX Font Info:    Font shape `OMS/cmr/m/n' in size <12> not available
(Font)              Font shape `OMS/cmsy/m/n' tried instead on input line 67.

[3]) [4] (dolgozat.toc [1





pdfTeX warning: pdflatex.exe: pop empty color page stack 0
])
\tf@toc=\write5
\openout5 = `dolgozat.toc'.

pdfTeX warning (ext4): destination with the same identifier (name{page.}) has b
een already used, duplicate ignored
<to be read again> 
                   \relax 
l.26 \cleardoublepage
                      [2]
\openout2 = `fejezetek/1_bevezetes.aux'.

 (fejezetek/1_bevezetes.tex
1. fejezet.
)pdfTeX warning (ext4): destination with the same identifier (name{page.1}) has
 been already used, duplicate ignored
<to be read again> 
                   \relax 
l.34 \include{fejezetek/1_bevezetes}
                                     [1



]
\openout2 = `fejezetek/2_kozlekedes.aux'.

 (fejezetek/2_kozlekedes.tex
2. fejezet.
<RTL.png, id=382, 376.40625pt x 219.82124pt>
File: RTL.png Graphic file (type png)
<use RTL.png>
Package pdftex.def Info: RTL.png  used on input line 13.
(pdftex.def)             Requested size: 441.01773pt x 257.57217pt.
pdfTeX warning (ext4): destination with the same identifier (name{page.2}) has 
been already used, duplicate ignored
<to be read again> 
                   \relax 
l.17 
      [2



]
<heatmap.png, id=390, 411.78844pt x 367.3725pt>
File: heatmap.png Graphic file (type png)
<use heatmap.png>
Package pdftex.def Info: heatmap.png  used on input line 21.
(pdftex.def)             Requested size: 441.01773pt x 393.45464pt.
pdfTeX warning (ext4): destination with the same identifier (name{page.3}) has 
been already used, duplicate ignored
<to be read again> 
                   \relax 
l.25 
      [3pdfTeX warning (ext4): destination with the same identifier (name{figur
e.2.1}) has been already used, duplicate ignored

\AtBegShi@Output ...ipout \box \AtBeginShipoutBox 
                                                  \fi \fi 
l.25 
      <./RTL.png>]
<SUMO.png, id=401, 557.08125pt x 380.42125pt>
File: SUMO.png Graphic file (type png)
<use SUMO.png>
Package pdftex.def Info: SUMO.png  used on input line 40.
(pdftex.def)             Requested size: 441.01773pt x 301.168pt.
pdfTeX warning (ext4): destination with the same identifier (name{page.4}) has 
been already used, duplicate ignored
<to be read again> 
                   \relax 
l.43 \end{figure}
                  [4pdfTeX warning (ext4): destination with the same identifier
 (name{figure.2.2}) has been already used, duplicate ignored

\AtBegShi@Output ...ipout \box \AtBeginShipoutBox 
                                                  \fi \fi 
l.43 \end{figure}
                  <./heatmap.png>] [5pdfTeX warning (ext4): destination with th
e same identifier (name{figure.2.3}) has been already used, duplicate ignored

\AtBegShi@Output ...ipout \box \AtBeginShipoutBox 
                                                  \fi \fi 
l.55 \item -
            -tls.left-green.time - ha egyszerre kap z√∂ldet az egyenesen hal...
 <./SUMO.png>]
Overfull \hbox (10.92029pt too wide) in paragraph at lines 60--62
[]\T1/cmr/m/n/12 A szoft-ver al-kal-mas a kˆz-le-ke-dÈ-si l·m-p·k tel-je-sÌt-mÈ
-nyÈ-nek vizs-g·-la-t·-ra, olyan ˙tvonal-
 []


Package hyperref Warning: Glyph not defined in PD1 encoding,
(hyperref)                removing `\H' on input line 65.

[6]) [7]
\openout2 = `fejezetek/3_modellek.aux'.

 (fejezetek/3_modellek.tex
3. fejezet.
[8



]

Package hyperref Warning: Glyph not defined in PD1 encoding,
(hyperref)                removing `\H' on input line 25.

<utkereszt.png, id=431, 292.09125pt x 128.48pt>
File: utkereszt.png Graphic file (type png)
<use utkereszt.png>
Package pdftex.def Info: utkereszt.png  used on input line 31.
(pdftex.def)             Requested size: 441.01773pt x 194.00555pt.

Package hyperref Warning: Glyph not defined in PD1 encoding,
(hyperref)                removing `\H' on input line 35.

[9pdfTeX warning (ext4): destination with the same identifier (name{figure.3.1}
) has been already used, duplicate ignored

\AtBegShi@Output ...ipout \box \AtBeginShipoutBox 
                                                  \fi \fi 
l.37 
      <./utkereszt.png>]
<epulet.png, id=438, 292.09125pt x 91.34125pt>
File: epulet.png Graphic file (type png)
<use epulet.png>
Package pdftex.def Info: epulet.png  used on input line 51.
(pdftex.def)             Requested size: 441.01773pt x 137.92583pt.
 [10]
<park.png, id=443, 574.145pt x 187.70125pt>
File: park.png Graphic file (type png)
<use park.png>
Package pdftex.def Info: park.png  used on input line 58.
(pdftex.def)             Requested size: 441.01773pt x 144.18098pt.
<ut.png, id=444, 336.25626pt x 283.0575pt>
File: ut.png Graphic file (type png)
<use ut.png>
Package pdftex.def Info: ut.png  used on input line 65.
(pdftex.def)             Requested size: 441.01773pt x 371.24857pt.
 [11pdfTeX warning (ext4): destination with the same identifier (name{figure.3.
2}) has been already used, duplicate ignored

\AtBegShi@Output ...ipout \box \AtBeginShipoutBox 
                                                  \fi \fi 
l.69 \subsection
                {K√∂zleked√©si szab√°lyok}pdfTeX warning (ext4): destination wi
th the same identifier (name{figure.3.3}) has been already used, duplicate igno
red

\AtBegShi@Output ...ipout \box \AtBeginShipoutBox 
                                                  \fi \fi 
l.69 \subsection
                {K√∂zleked√©si szab√°lyok} <./epulet.png> <./park.png>]
[12pdfTeX warning (ext4): destination with the same identifier (name{figure.3.4
}) has been already used, duplicate ignored

\AtBegShi@Output ...ipout \box \AtBeginShipoutBox 
                                                  \fi \fi 
l.81 \item V
            iszonylag kev√©s elemb≈ël √°lljon √∂ssze a gener√°lt √∫th√°l√≥zat <
./ut.png>] [13]) [14]
\openout2 = `fejezetek/4_generalas.aux'.

 (fejezetek/4_generalas.tex
4. fejezet.
<folyamat.png, id=478, 768.8725pt x 1526.70375pt>
File: folyamat.png Graphic file (type png)
<use folyamat.png>
Package pdftex.def Info: folyamat.png  used on input line 9.
(pdftex.def)             Requested size: 345.98943pt x 687.01035pt.
[15



]
Overfull \vbox (13.95998pt too high) has occurred while \output is active []


[16pdfTeX warning (ext4): destination with the same identifier (name{figure.4.1
}) has been already used, duplicate ignored

\AtBegShi@Output ...ipout \box \AtBeginShipoutBox 
                                                  \fi \fi 
l.13 \subsection
                {Gener√°l√≥ algoritmus} <./folyamat.png>] [17]

Package hyperref Warning: Glyph not defined in PD1 encoding,
(hyperref)                removing `\H' on input line 44.

[18]
("C:\Users\lord-\AppData\Local\Programs\MiKTeX 2.9\tex/latex/listings\lstlang1.
sty"
File: lstlang1.sty 2019/02/27 1.8b listings language file
)
("C:\Users\lord-\AppData\Local\Programs\MiKTeX 2.9\tex/latex/listings\lstlang1.
sty"
File: lstlang1.sty 2019/02/27 1.8b listings language file
)
("C:\Users\lord-\AppData\Local\Programs\MiKTeX 2.9\tex/latex/listings\lstmisc.s
ty"
File: lstmisc.sty 2019/02/27 1.8b (Carsten Heinz)
)
Overfull \hbox (8.98685pt too wide) in paragraph at lines 89--90
[][][][][][][][][][][][][][][][][][][][][][][][][][][][][][][][][][][][][][][][
][] 
 []


Overfull \hbox (14.98691pt too wide) in paragraph at lines 90--91
[][][][][][][][][][][][][][][][][][][][][][][][][][][][][][][][][][][][][][][][
][][][][] 
 []


Overfull \hbox (2.98679pt too wide) in paragraph at lines 91--92
[][][][][][][][][][][][][][][][][][][][][][][][][][][][][][][][][][][][][][][][
][] 
 []


Overfull \hbox (14.98691pt too wide) in paragraph at lines 92--93
[][][][][][][][][][][][][][][][][][][][][][][][][][][][][][][][][][][][][][][][
][][][][] 
 []

[19] [20]
<graph.png, id=539, 587.19376pt x 484.05844pt>
File: graph.png Graphic file (type png)
<use graph.png>
Package pdftex.def Info: graph.png  used on input line 129.
(pdftex.def)             Requested size: 441.01773pt x 363.55257pt.
 [21]
<generateuml.png, id=546, 1116.17pt x 1112.155pt>
File: generateuml.png Graphic file (type png)
<use generateuml.png>
Package pdftex.def Info: generateuml.png  used on input line 136.
(pdftex.def)             Requested size: 502.27187pt x 500.46513pt.

Overfull \hbox (61.25414pt too wide) in paragraph at lines 136--137
[][]
 []

[22pdfTeX warning (ext4): destination with the same identifier (name{figure.4.2
}) has been already used, duplicate ignored

\AtBegShi@Output ...ipout \box \AtBeginShipoutBox 
                                                  \fi \fi 
l.140 \subsection
                 {Oszt√°lyok} <./graph.png>] [23pdfTeX warning (ext4): destinat
ion with the same identifier (name{figure.4.3}) has been already used, duplicat
e ignored

\AtBegShi@Output ...ipout \box \AtBeginShipoutBox 
                                                  \fi \fi 
l.145 \subsubsection
                    {Node} <./generateuml.png>] [24] [25] [26] [27] [28]
[29] [30] [31] [32] [33]
<unitygraph.png, id=861, 829.59938pt x 333.49594pt>
File: unitygraph.png Graphic file (type png)
<use unitygraph.png>
Package pdftex.def Info: unitygraph.png  used on input line 524.
(pdftex.def)             Requested size: 441.01773pt x 177.28632pt.
) [34pdfTeX warning (ext4): destination with the same identifier (name{figure.4
.4}) has been already used, duplicate ignored

\AtBegShi@Output ...ipout \box \AtBeginShipoutBox 
                                                  \fi \fi 
l.37 \include{fejezetek/4_generalas}
                                     <./unitygraph.png>]
\openout2 = `fejezetek/5_tervezes.aux'.


(fejezetek/5_tervezes.tex
5. fejezet.

Package hyperref Warning: Glyph not defined in PD1 encoding,
(hyperref)                removing `\H' on input line 3.

[35



] [36]
<editor.png, id=876, 712.91344pt x 574.39594pt>
File: editor.png Graphic file (type png)
<use editor.png>
Package pdftex.def Info: editor.png  used on input line 39.
(pdftex.def)             Requested size: 441.01773pt x 355.32422pt.
 [37] [38pdfTeX warning (ext4): destination with the same identifier (name{figu
re.5.1}) has been already used, duplicate ignored

\AtBegShi@Output ...ipout \box \AtBeginShipoutBox 
                                                  \fi \fi 
l.53 \item
          {Ha egy j√°rm≈± szenzora m√°sik j√°rm≈±vel tal√°lkozik, akkor a k√...
 <./editor.png>] [39]
<simuml.png, id=893, 804.00375pt x 1169.36874pt>
File: simuml.png Graphic file (type png)
<use simuml.png>
Package pdftex.def Info: simuml.png  used on input line 75.
(pdftex.def)             Requested size: 426.11996pt x 619.76248pt.
 [40] [41pdfTeX warning (ext4): destination with the same identifier (name{figu
re.5.2}) has been already used, duplicate ignored

\AtBegShi@Output ...ipout \box \AtBeginShipoutBox 
                                                  \fi \fi 
l.81 
      <./simuml.png>] [42] [43] [44] [45] [46] [47] [48] [49] [50] [51]
Overfull \hbox (31.50685pt too wide) in paragraph at lines 477--478
\T1/cmr/m/n/12 V·lt·sokn·l 5 m·-sod-per-cig v·r, ad-dig mind-kÈt ir·ny-ba pi-ro
-sat je-lez, majd a LightSwitchTime-
 []

) [52]
\openout2 = `fejezetek/6_szimulacio.aux'.

 (fejezetek/6_szimulacio.tex
6. fejezet.
<params.png, id=1271, 159.59625pt x 226.59656pt>
File: params.png Graphic file (type png)
<use params.png>
Package pdftex.def Info: params.png  used on input line 15.
(pdftex.def)             Requested size: 441.01773pt x 626.16782pt.
[53



] [54pdfTeX warning (ext4): destination with the same identifier (name{figure.6
.1}) has been already used, duplicate ignored

\AtBegShi@Output ...ipout \box \AtBeginShipoutBox 
                                                  \fi \fi 
l.21 
      <./params.png>]
<trafficLight.png, id=1282, 722.7pt x 305.64188pt>
File: trafficLight.png Graphic file (type png)
<use trafficLight.png>
Package pdftex.def Info: trafficLight.png  used on input line 25.
(pdftex.def)             Requested size: 441.01773pt x 186.51588pt.
<smalltowntraffic.png, id=1283, 417.81094pt x 277.78781pt>
File: smalltowntraffic.png Graphic file (type png)
<use smalltowntraffic.png>
Package pdftex.def Info: smalltowntraffic.png  used on input line 30.
(pdftex.def)             Requested size: 441.01773pt x 293.23715pt.
<carwaiting.png, id=1284, 399.74344pt x 224.33812pt>
File: carwaiting.png Graphic file (type png)
<use carwaiting.png>
Package pdftex.def Info: carwaiting.png  used on input line 35.
(pdftex.def)             Requested size: 441.01773pt x 247.5155pt.
 [55pdfTeX warning (ext4): destination with the same identifier (name{figure.6.
2}) has been already used, duplicate ignored

\AtBegShi@Output ...ipout \box \AtBeginShipoutBox 
                                                  \fi \fi 
l.38 \end{figure}
                  <./trafficLight.png>]
<rofway.png, id=1292, 197.23688pt x 158.09062pt>
File: rofway.png Graphic file (type png)
<use rofway.png>
Package pdftex.def Info: rofway.png  used on input line 40.
(pdftex.def)             Requested size: 441.01773pt x 353.51749pt.
 [56pdfTeX warning (ext4): destination with the same identifier (name{figure.6.
3}) has been already used, duplicate ignored

\AtBegShi@Output ...ipout \box \AtBeginShipoutBox 
                                                  \fi \fi 
l.44 
     pdfTeX warning (ext4): destination with the same identifier (name{figure.6
.4}) has been already used, duplicate ignored

\AtBegShi@Output ...ipout \box \AtBeginShipoutBox 
                                                  \fi \fi 
l.44 
      <./smalltowntraffic.png> <./carwaiting.png>]
<verybig.png, id=1301, 858.95906pt x 310.91156pt>
File: verybig.png Graphic file (type png)
<use verybig.png>
Package pdftex.def Info: verybig.png  used on input line 48.
(pdftex.def)             Requested size: 441.01773pt x 159.63495pt.
 [57pdfTeX warning (ext4): destination with the same identifier (name{figure.6.
5}) has been already used, duplicate ignored

\AtBegShi@Output ...ipout \box \AtBeginShipoutBox 
                                                  \fi \fi 
l.52 
      <./rofway.png>]
<village.png, id=1308, 583.42969pt x 323.70938pt>
File: village.png Graphic file (type png)
<use village.png>
Package pdftex.def Info: village.png  used on input line 55.
(pdftex.def)             Requested size: 441.01773pt x 244.70287pt.


Package hyperref Warning: Glyph not defined in PD1 encoding,
(hyperref)                removing `\H' on input line 60.


Package hyperref Warning: Glyph not defined in PD1 encoding,
(hyperref)                removing `\H' on input line 60.

<increasedtraffic.png, id=1309, 317.68687pt x 316.18124pt>
File: increasedtraffic.png Graphic file (type png)
<use increasedtraffic.png>
Package pdftex.def Info: increasedtraffic.png  used on input line 66.
(pdftex.def)             Requested size: 441.01773pt x 438.96477pt.
[58pdfTeX warning (ext4): destination with the same identifier (name{figure.6.6
}) has been already used, duplicate ignored

\AtBegShi@Output ...ipout \box \AtBeginShipoutBox 
                                                  \fi \fi 
l.69 \end{figure}
                 pdfTeX warning (ext4): destination with the same identifier (n
ame{figure.6.7}) has been already used, duplicate ignored

\AtBegShi@Output ...ipout \box \AtBeginShipoutBox 
                                                  \fi \fi 
l.69 \end{figure}
                  <./verybig.png> <./village.png>]
<parks.png, id=1318, 1132.23pt x 314.67563pt>
File: parks.png Graphic file (type png)
<use parks.png>
Package pdftex.def Info: parks.png  used on input line 73.
(pdftex.def)             Requested size: 441.01773pt x 122.56934pt.
) [59pdfTeX warning (ext4): destination with the same identifier (name{figure.6
.8}) has been already used, duplicate ignored

\AtBegShi@Output ...ipout \box \AtBeginShipoutBox 
                                                  \fi \fi 
l.39 \include{fejezetek/6_szimulacio}
                                      <./increasedtraffic.png>] [60pdfTeX warni
ng (ext4): destination with the same identifier (name{figure.6.9}) has been alr
eady used, duplicate ignored

\AtBegShi@Output ...ipout \box \AtBeginShipoutBox 
                                                  \fi \fi 
l.39 \include{fejezetek/6_szimulacio}
                                      <./parks.png>]
\openout2 = `fejezetek/7_osszegzes.aux'.

 (fejezetek/7_osszegzes.tex
7. fejezet.
) [61



]
\openout2 = `irodalomjegyzek/irodalom.aux'.

 (irodalomjegyzek/irodalom.tex
Underfull \hbox (badness 10000) in paragraph at lines 7--8
[][]$\T1/cmtt/m/n/12 https : / / www . researchgate . net / publication / 22896
6705 _ A _ Review _ of _
 []


Underfull \hbox (badness 10000) in paragraph at lines 11--12
[][]$\T1/cmtt/m/n/12 https : / / www . dlr . de / ts / en / desktopdefault . as
px / tabid-[]9883 / 16931 _
 []


Underfull \hbox (badness 10000) in paragraph at lines 13--14
[][]$\T1/cmtt/m/n/12 https : / / www . researchgate . net / publication / 31670
0661 _ GIS _
 []


Overfull \hbox (11.72769pt too wide) in paragraph at lines 15--16
[][]$\T1/cmtt/m/n/12 https : / / cloud . anylogic . com / model / 6322b634-[]2c
c5-[]4d40-[]90cf-[]3bb44c825ea7 ?
 []

) [62



]
\openout2 = `hasznalat/hasznalat.aux'.

 (hasznalat/hasznalat.tex) [63


]
\tf@thm=\write6
\openout6 = `dolgozat.thm'.

Package atveryend Info: Empty hook `BeforeClearDocument' on input line 46.
Package atveryend Info: Empty hook `AfterLastShipout' on input line 46.
 (dolgozat.aux (cimlap/cimlap.aux)
(feladatkiiras/feladatkiiras.aux) (fejezetek/1_bevezetes.aux)
(fejezetek/2_kozlekedes.aux) (fejezetek/3_modellek.aux)
(fejezetek/4_generalas.aux) (fejezetek/5_tervezes.aux)
(fejezetek/6_szimulacio.aux) (fejezetek/7_osszegzes.aux)
(irodalomjegyzek/irodalom.aux) (hasznalat/hasznalat.aux))
Package atveryend Info: Executing hook `AtVeryEndDocument' on input line 46.
Package atveryend Info: Executing hook `AtEndAfterFileList' on input line 46.
Package rerunfilecheck Info: File `dolgozat.out' has not changed.
(rerunfilecheck)             Checksum: 5D2D13BE0ABEC3BDA5064281B6BC890A;3919.
Package atveryend Info: Empty hook `AtVeryVeryEnd' on input line 46.
 ) 
Here is how much of TeX's memory you used:
 13419 strings out of 492945
 196986 string characters out of 3126252
 512086 words of memory out of 3000000
 16246 multiletter control sequences out of 15000+200000
 25371 words of font info for 65 fonts, out of 3000000 for 9000
 1141 hyphenation exceptions out of 8191
 39i,12n,61p,1109b,2019s stack positions out of 5000i,500n,10000p,200000b,50000s
 <C:\Users\lord-\AppData\Local\MiKTeX\2.9\fonts/pk/ljfour/jknappen/ec/dpi600\
ecrm0800.pk> <C:\Users\lord-\AppData\Local\MiKTeX\2.9\fonts/pk/ljfour/jknappen/
ec/dpi600\ecsl1200.pk> <C:\Users\lord-\AppData\Local\MiKTeX\2.9\fonts/pk/ljfour
/jknappen/ec/dpi600\ecbx1728.pk> <C:\Users\lord-\AppData\Local\MiKTeX\2.9\fonts
/pk/ljfour/jknappen/ec/dpi600\ecbx2488.pk> <C:\Users\lord-\AppData\Local\MiKTeX
\2.9\fonts/pk/ljfour/jknappen/ec/dpi600\ecti1200.pk> <C:\Users\lord-\AppData\Lo
cal\MiKTeX\2.9\fonts/pk/ljfour/jknappen/ec/dpi600\ectt1200.pk> <C:\Users\lord-\
AppData\Local\MiKTeX\2.9\fonts/pk/ljfour/jknappen/ec/dpi600\ecbx1200.pk> <C:\Us
ers\lord-\AppData\Local\MiKTeX\2.9\fonts/pk/ljfour/jknappen/ec/dpi600\ecrm1440.
pk> <C:\Users\lord-\AppData\Local\MiKTeX\2.9\fonts/pk/ljfour/jknappen/ec/dpi600
\ecbx1440.pk> <C:\Users\lord-\AppData\Local\MiKTeX\2.9\fonts/pk/ljfour/jknappen
/ec/dpi600\ecbx2074.pk> <C:\Users\lord-\AppData\Local\MiKTeX\2.9\fonts/pk/ljfou
r/jknappen/ec/dpi600\ecxc1440.pk> <C:\Users\lord-\AppData\Local\MiKTeX\2.9\font
s/pk/ljfour/jknappen/ec/dpi600\ecxc2488.pk> <C:\Users\lord-\AppData\Local\MiKTe
X\2.9\fonts/pk/ljfour/jknappen/ec/dpi600\ecrm1200.pk> <C:\Users\lord-\AppData\L
ocal\MiKTeX\2.9\fonts/pk/ljfour/jknappen/ec/dpi600\ecxc1200.pk><C:/Users/lord-/
AppData/Local/Programs/MiKTeX 2.9/fonts/type1/public/amsfonts/cm/cmmi12.pfb><C:
/Users/lord-/AppData/Local/Programs/MiKTeX 2.9/fonts/type1/public/amsfonts/cm/c
msy10.pfb><C:/Users/lord-/AppData/Local/Programs/MiKTeX 2.9/fonts/type1/public/
amsfonts/latxfont/lcircle1.pfb><C:/Users/lord-/AppData/Local/Programs/MiKTeX 2.
9/fonts/type1/public/txfonts/t1xbtt.pfb><C:/Users/lord-/AppData/Local/Programs/
MiKTeX 2.9/fonts/type1/public/txfonts/t1xtt.pfb>
Output written on dolgozat.pdf (69 pages, 4150127 bytes).
PDF statistics:
 2141 PDF objects out of 2487 (max. 8388607)
 773 named destinations out of 1000 (max. 500000)
 532 words of extra memory for PDF output out of 10000 (max. 10000000)

